[debug] [2023-08-08T23:32:05.836Z] ----------------------------------------------------------------------
[debug] [2023-08-08T23:32:05.838Z] Command:       C:\Program Files\nodejs\node.exe C:\Users\carlo\AppData\Roaming\npm\node_modules\firebase-tools\lib\bin\firebase.js init hosting
[debug] [2023-08-08T23:32:05.838Z] CLI Version:   12.4.7
[debug] [2023-08-08T23:32:05.839Z] Platform:      win32
[debug] [2023-08-08T23:32:05.839Z] Node Version:  v18.17.0
[debug] [2023-08-08T23:32:05.840Z] Time:          Tue Aug 08 2023 17:32:05 GMT-0600 (hora estándar central)
[debug] [2023-08-08T23:32:05.840Z] ----------------------------------------------------------------------
[debug] 
[debug] [2023-08-08T23:32:05.847Z] > command requires scopes: ["email","openid","https://www.googleapis.com/auth/cloudplatformprojects.readonly","https://www.googleapis.com/auth/firebase","https://www.googleapis.com/auth/cloud-platform"]
[debug] [2023-08-08T23:32:05.848Z] > authorizing via signed-in user (carlos.soto.santis@gmail.com)
[info] 
     ######## #### ########  ######## ########     ###     ######  ########
     ##        ##  ##     ## ##       ##     ##  ##   ##  ##       ##
     ######    ##  ########  ######   ########  #########  ######  ######
     ##        ##  ##    ##  ##       ##     ## ##     ##       ## ##
     ##       #### ##     ## ######## ########  ##     ##  ######  ########

You're about to initialize a Firebase project in this directory:

  C:\TestMD\TestsMD

Before we get started, keep in mind:

  * You are currently outside your home directory

[info] 
=== Project Setup
[info] 
[info] First, let's associate this project directory with a Firebase project.
[info] You can create multiple project aliases by running firebase use --add, 
[info] but for now we'll just set up a default project.
[info] 
[debug] [2023-08-08T23:32:17.333Z] >>> [apiv2][query] GET https://firebase.googleapis.com/v1beta1/projects pageSize=100
[debug] [2023-08-08T23:32:17.767Z] <<< [apiv2][status] GET https://firebase.googleapis.com/v1beta1/projects 200
[debug] [2023-08-08T23:32:17.767Z] <<< [apiv2][body] GET https://firebase.googleapis.com/v1beta1/projects [omitted]
[info] i  Using project pruebamd-673b4 (PruebaMD) 
[info] 
=== Hosting Setup
[info] 
[info] Your public directory is the folder (relative to your project directory) that
[info] will contain Hosting assets to be uploaded with firebase deploy. If you
[info] have a build process for your assets, use your build's output directory.
[info] 
[debug] [2023-08-08T23:32:40.544Z] >>> [apiv2][query] GET https://www.gstatic.com/firebasejs/releases.json [none]
[debug] [2023-08-08T23:32:40.656Z] <<< [apiv2][status] GET https://www.gstatic.com/firebasejs/releases.json 200
[debug] [2023-08-08T23:32:40.656Z] <<< [apiv2][body] GET https://www.gstatic.com/firebasejs/releases.json {"current":{"version":"10.1.0","browserURL":"https://www.gstatic.com/firebasejs/10.1.0/firebase.js","packageURL":"https://www.gstatic.com/firebasejs/10.1.0/firebase.tgz"},"live":{"version":"10.1","browserURL":"https://www.gstatic.com/firebasejs/live/10.1/firebase.js","packageURL":"https://www.gstatic.com/firebasejs/live/10.1/firebase.tgz"},"components":{"analytics":"https://www.gstatic.com/firebasejs/10.1.0/firebase-analytics.js","app":"https://www.gstatic.com/firebasejs/10.1.0/firebase-app.js","app-check":"https://www.gstatic.com/firebasejs/10.1.0/firebase-app-check.js","auth":"https://www.gstatic.com/firebasejs/10.1.0/firebase-auth.js","auth/cordova":"https://www.gstatic.com/firebasejs/10.1.0/firebase-auth/cordova.js","functions":"https://www.gstatic.com/firebasejs/10.1.0/firebase-functions.js","firestore":"https://www.gstatic.com/firebasejs/10.1.0/firebase-firestore.js","firestore/lite":"https://www.gstatic.com/firebasejs/10.1.0/firebase-firestore/lite.js","installations":"https://www.gstatic.com/firebasejs/10.1.0/firebase-installations.js","storage":"https://www.gstatic.com/firebasejs/10.1.0/firebase-storage.js","performance":"https://www.gstatic.com/firebasejs/10.1.0/firebase-performance.js","remote-config":"https://www.gstatic.com/firebasejs/10.1.0/firebase-remote-config.js","messaging":"https://www.gstatic.com/firebasejs/10.1.0/firebase-messaging.js","messaging/sw":"https://www.gstatic.com/firebasejs/10.1.0/firebase-messaging/sw.js","database":"https://www.gstatic.com/firebasejs/10.1.0/firebase-database.js","firestore.memory":"https://www.gstatic.com/firebasejs/10.1.0/firebase-firestore.memory.js"}}
[info] +  Wrote y/index.html 
[info] 
[info] i  Detected a .git folder at C:\TestMD\TestsMD 
[info] i  Authorizing with GitHub to upload your service account to a GitHub repository's secrets store. 
[info] 
[info] Visit this URL on this device to log in:
[info] https://github.com/login/oauth/authorize?client_id=89cf50f02ac6aaed3484&state=776751322&redirect_uri=http%3A%2F%2Flocalhost%3A9005&scope=read%3Auser%20repo%20public_repo
[info] 
[info] Waiting for authentication...
[debug] [2023-08-08T23:32:50.757Z] >>> [apiv2][query] POST https://github.com/login/oauth/access_token [none]
[debug] [2023-08-08T23:32:50.758Z] >>> [apiv2][body] POST https://github.com/login/oauth/access_token [stream]
[debug] [2023-08-08T23:32:51.033Z] <<< [apiv2][status] POST https://github.com/login/oauth/access_token 200
[debug] [2023-08-08T23:32:51.033Z] <<< [apiv2][body] POST https://github.com/login/oauth/access_token {"access_token":"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","token_type":"bearer","scope":"read:user,repo"}
[debug] [2023-08-08T23:32:51.040Z] >>> [apiv2][query] GET https://api.github.com/user [none]
[debug] [2023-08-08T23:32:51.343Z] <<< [apiv2][status] GET https://api.github.com/user 200
[debug] [2023-08-08T23:32:51.343Z] <<< [apiv2][body] GET https://api.github.com/user {"login":"CarlosSoto92","id":70561910,"node_id":"MDQ6VXNlcjcwNTYxOTEw","avatar_url":"https://avatars.githubusercontent.com/u/70561910?v=4","gravatar_id":"","url":"https://api.github.com/users/CarlosSoto92","html_url":"https://github.com/CarlosSoto92","followers_url":"https://api.github.com/users/CarlosSoto92/followers","following_url":"https://api.github.com/users/CarlosSoto92/following{/other_user}","gists_url":"https://api.github.com/users/CarlosSoto92/gists{/gist_id}","starred_url":"https://api.github.com/users/CarlosSoto92/starred{/owner}{/repo}","subscriptions_url":"https://api.github.com/users/CarlosSoto92/subscriptions","organizations_url":"https://api.github.com/users/CarlosSoto92/orgs","repos_url":"https://api.github.com/users/CarlosSoto92/repos","events_url":"https://api.github.com/users/CarlosSoto92/events{/privacy}","received_events_url":"https://api.github.com/users/CarlosSoto92/received_events","type":"User","site_admin":false,"name":"Carlos Soto Santis","company":"diime","blog":"","location":"Mexico","email":null,"hireable":null,"bio":"Un marketer digital que esta en camino de otra piedra del infinito ","twitter_username":null,"public_repos":7,"public_gists":0,"followers":1,"following":5,"created_at":"2020-09-01T05:16:12Z","updated_at":"2023-03-17T22:45:48Z","private_gists":0,"total_private_repos":8,"owned_private_repos":8,"disk_usage":80710,"collaborators":1,"two_factor_authentication":false,"plan":{"name":"free","space":976562499,"collaborators":0,"private_repos":10000}}
[info] 
[info] +  Success! Logged into GitHub as CarlosSoto92 
[info] 
